<?xml version="1.0" encoding="UTF-8"?>
<!-- Generated by org.testng.reporters.JUnitReportReporter -->
<testsuite hostname="LAPTOP-I5N721BO" failures="0" tests="1" name="Test3" time="4.617" errors="0" timestamp="2023-04-27T15:00:13 IST" skipped="0">
  <testcase classname="Test3" name="f" time="4.617"/>
  <system-out/>
</testsuite> <!-- Test3 -->
