<?xml version="1.0" encoding="UTF-8"?>
<!-- Generated by org.testng.reporters.JUnitReportReporter -->
<testsuite hostname="LAPTOP-I5N721BO" failures="0" tests="1" name="Day9_4" time="23.554" errors="0" timestamp="2023-05-03T12:38:44 IST" skipped="0">
  <testcase classname="Day9_4" name="tc_2" time="23.554"/>
  <system-out/>
</testsuite> <!-- Day9_4 -->
