<?xml version="1.0" encoding="UTF-8"?>
<!-- Generated by org.testng.reporters.JUnitReportReporter -->
<testsuite hostname="LAPTOP-I5N721BO" failures="0" tests="8" name="Day9" time="0.015" errors="0" timestamp="2023-05-02T09:50:09 IST" skipped="0">
  <testcase classname="Day9" name="sub" time="0.001"/>
  <system-out/>
  <testcase classname="Day9" name="multiply" time="0.001"/>
  <system-out/>
  <testcase classname="Day9" name="add" time="0.001"/>
  <system-out/>
  <testcase classname="Day9" name="div" time="0.001"/>
  <system-out/>
  <testcase classname="Day9" name="sub" time="0.001"/>
  <system-out/>
  <testcase classname="Day9" name="add" time="0.008"/>
  <system-out/>
  <testcase classname="Day9" name="multiply" time="0.001"/>
  <system-out/>
  <testcase classname="Day9" name="div" time="0.001"/>
  <system-out/>
</testsuite> <!-- Day9 -->
