<?xml version="1.0" encoding="UTF-8"?>
<!-- Generated by org.testng.reporters.JUnitReportReporter -->
<testsuite hostname="LAPTOP-I5N721BO" failures="0" tests="1" name="Test1" time="20.069" errors="0" timestamp="2023-04-27T11:29:35 IST" skipped="0">
  <testcase classname="Test1" name="f" time="20.069"/>
  <system-out/>
</testsuite> <!-- Test1 -->
