<?xml version="1.0" encoding="UTF-8"?>
<!-- Generated by org.testng.reporters.JUnitReportReporter -->
<testsuite hostname="LAPTOP-I5N721BO" failures="0" tests="4" name="Test2" time="0.012" errors="0" timestamp="2023-04-27T12:00:57 IST" skipped="0">
  <testcase classname="Test2" name="add" time="0.009"/>
  <system-out/>
  <testcase classname="Test2" name="subtract" time="0.001"/>
  <system-out/>
  <testcase classname="Test2" name="divide" time="0.001"/>
  <system-out/>
  <testcase classname="Test2" name="Multiply" time="0.001"/>
  <system-out/>
</testsuite> <!-- Test2 -->
